[Bootstrap::lib] Bootstrapping lib
[DZ] building distribution under .build/OqnFMnqyHq for installation
[@Author::TABULO/stale modules, build] checking for stale modules...
[DZ] beginning to build Dist-Zilla-PluginBundle-Author-TABULO
[DZ] guessing dist's main_module is lib/Dist/Zilla/PluginBundle/Author/TABULO.pm
[@Author::TABULO/StaticInstall] setting x_static_install to 0
[DZ] writing Dist-Zilla-PluginBundle-Author-TABULO in .build/OqnFMnqyHq
Locating bin:git... found at /usr/local/bin/git.
Creating new 'Build' script for 'Dist-Zilla-PluginBundle-Author-TABULO' version '0.198'
cp share/profiles/default/skel/dist.ini blib/lib/auto/share/dist/Dist-Zilla-PluginBundle-Author-TABULO/profiles/default/skel/dist.ini
cp share/profiles/default/skel/.travis.yml blib/lib/auto/share/dist/Dist-Zilla-PluginBundle-Author-TABULO/profiles/default/skel/.travis.yml
cp share/profiles/default/skel/t/00-use.t blib/lib/auto/share/dist/Dist-Zilla-PluginBundle-Author-TABULO/profiles/default/skel/t/00-use.t
cp share/profiles/default/skel/TODO.yml blib/lib/auto/share/dist/Dist-Zilla-PluginBundle-Author-TABULO/profiles/default/skel/TODO.yml
cp share/profiles/tourist/profile.ini blib/lib/auto/share/dist/Dist-Zilla-PluginBundle-Author-TABULO/profiles/tourist/profile.ini
cp share/profiles/github/skel/.mailmap blib/lib/auto/share/dist/Dist-Zilla-PluginBundle-Author-TABULO/profiles/github/skel/.mailmap
cp lib/Banal/Dist/Zilla/Role/PluginBundle/Easier.pm blib/lib/Banal/Dist/Zilla/Role/PluginBundle/Easier.pm
cp share/profiles/github/skel/dist.ini blib/lib/auto/share/dist/Dist-Zilla-PluginBundle-Author-TABULO/profiles/github/skel/dist.ini
cp share/profiles/github/profile.ini blib/lib/auto/share/dist/Dist-Zilla-PluginBundle-Author-TABULO/profiles/github/profile.ini
cp lib/Dist/Zilla/PluginBundle/Author/TABULO/Config.pm blib/lib/Dist/Zilla/PluginBundle/Author/TABULO/Config.pm
cp lib/Dist/Zilla/PluginBundle/Author/TABULO.pm blib/lib/Dist/Zilla/PluginBundle/Author/TABULO.pm
cp share/profiles/tourist/skel/.mailmap blib/lib/auto/share/dist/Dist-Zilla-PluginBundle-Author-TABULO/profiles/tourist/skel/.mailmap
cp share/profiles/default/skel/.gitignore blib/lib/auto/share/dist/Dist-Zilla-PluginBundle-Author-TABULO/profiles/default/skel/.gitignore
cp share/profiles/github/skel/.travis.yml blib/lib/auto/share/dist/Dist-Zilla-PluginBundle-Author-TABULO/profiles/github/skel/.travis.yml
cp share/profiles/github/skel/TODO.yml blib/lib/auto/share/dist/Dist-Zilla-PluginBundle-Author-TABULO/profiles/github/skel/TODO.yml
cp share/profiles/tourist/skel/Changes blib/lib/auto/share/dist/Dist-Zilla-PluginBundle-Author-TABULO/profiles/tourist/skel/Changes
cp share/profiles/default/Module.pm.tpl blib/lib/auto/share/dist/Dist-Zilla-PluginBundle-Author-TABULO/profiles/default/Module.pm.tpl
cp share/CONTRIBUTING blib/lib/auto/share/dist/Dist-Zilla-PluginBundle-Author-TABULO/CONTRIBUTING
cp share/profiles/default/skel/Changes blib/lib/auto/share/dist/Dist-Zilla-PluginBundle-Author-TABULO/profiles/default/skel/Changes
cp share/profiles/default/skel/.mailmap blib/lib/auto/share/dist/Dist-Zilla-PluginBundle-Author-TABULO/profiles/default/skel/.mailmap
cp share/profiles/default/profile.ini blib/lib/auto/share/dist/Dist-Zilla-PluginBundle-Author-TABULO/profiles/default/profile.ini
cp share/profiles/github/skel/Changes blib/lib/auto/share/dist/Dist-Zilla-PluginBundle-Author-TABULO/profiles/github/skel/Changes
cp lib/Banal/Dist/Zilla/Role/Text/Template/Selfish.pm blib/lib/Banal/Dist/Zilla/Role/Text/Template/Selfish.pm
cp share/profiles/default/skel/t/01-basic.t blib/lib/auto/share/dist/Dist-Zilla-PluginBundle-Author-TABULO/profiles/default/skel/t/01-basic.t
cp share/profiles/github/skel/.gitignore blib/lib/auto/share/dist/Dist-Zilla-PluginBundle-Author-TABULO/profiles/github/skel/.gitignore
cp share/profiles/tourist/skel/TODO.yml blib/lib/auto/share/dist/Dist-Zilla-PluginBundle-Author-TABULO/profiles/tourist/skel/TODO.yml
cp lib/Pod/Weaver/PluginBundle/Author/TABULO.pm blib/lib/Pod/Weaver/PluginBundle/Author/TABULO.pm
cp share/profiles/tourist/skel/dist.ini blib/lib/auto/share/dist/Dist-Zilla-PluginBundle-Author-TABULO/profiles/tourist/skel/dist.ini
cp share/profiles/github/skel/t/01-basic.t blib/lib/auto/share/dist/Dist-Zilla-PluginBundle-Author-TABULO/profiles/github/skel/t/01-basic.t
cp lib/Dist/Zilla/MintingProfile/Author/TABULO.pm blib/lib/Dist/Zilla/MintingProfile/Author/TABULO.pm
cp share/profiles/tourist/skel/.gitignore blib/lib/auto/share/dist/Dist-Zilla-PluginBundle-Author-TABULO/profiles/tourist/skel/.gitignore
cp share/profiles/github/Module.pm.tpl blib/lib/auto/share/dist/Dist-Zilla-PluginBundle-Author-TABULO/profiles/github/Module.pm.tpl
cp share/profiles/github/skel/t/00-use.t blib/lib/auto/share/dist/Dist-Zilla-PluginBundle-Author-TABULO/profiles/github/skel/t/00-use.t
# 
# Versions for all modules listed in MYMETA.json (including optional ones):
# 
# === Configure Requires ===
# 
#     Module                   Want  Have
#     ----------------------- ----- -----
#     Devel::CheckBin           any  0.04
#     ExtUtils::MakeMaker       any  7.34
#     File::ShareDir::Install  0.03  0.13
#     Module::Build::Tiny     0.034 0.039
# 
# === Test Requires ===
# 
#     Module                              Want     Have
#     ---------------------------------- ----- --------
#     Dist::Zilla::Plugin::MakeMaker       any    6.012
#     Dist::Zilla::PluginBundle::Basic     any    6.012
#     Dist::Zilla::Role::MetaProvider      any    6.012
#     Dist::Zilla::Tester                  any    6.012
#     Exporter                             any     5.73
#     File::Spec                           any     3.75
#     File::pushd                          any    1.016
#     JSON::MaybeXS                        any 1.004000
#     Module::Metadata                     any 1.000033
#     Moose::Util                          any   2.2011
#     Path::Tiny                         0.062    0.108
#     Pod::Weaver::PluginBundle::Default 4.000    4.015
#     Term::ANSIColor                     2.01     4.06
#     Test::Compile                        any   v1.3.0
#     Test::DZil                           any    6.012
#     Test::Deep                           any    1.128
#     Test::Fatal                          any    0.014
#     Test::File::ShareDir                 any 1.001002
#     Test::More                          0.96 1.302160
#     Test::Needs                          any 0.002005
#     Test::Warnings                     0.009    0.026
#     if                                   any   0.0608
#     lib                                  any     0.64
#     namespace::clean                     any     0.27
#     parent                               any    0.237
# 
# === Test Recommends ===
# 
#     Module         Want     Have
#     ---------- -------- --------
#     CPAN::Meta 2.120900 2.150010
# 
# === Runtime Requires ===
# 
#     Module                                                   Want      Have
#     -------------------------------------------------- ---------- ---------
#     Banal::Dist::Util                                         any     0.001
#     Banal::Dist::Util::Git                                    any     0.001
#     Banal::Dist::Util::Pause                                  any     0.001
#     Banal::Moosy::Mungers                                     any     0.001
#     Banal::Role::Fallback                                     any     0.001
#     Banal::Role::Fallback::Moo                                any     0.001
#     Banal::Util::Mini                                         any     0.001
#     CPAN::Changes                                            0.23  0.400002
#     CPAN::Meta::Requirements                                  any     2.140
#     Carp                                                      any      1.50
#     Config                                                    any  5.028001
#     Data::Printer                                             any      0.40
#     Devel::CheckBin                                           any      0.04
#     Dist::Zilla                                             5.038     6.012
#     Dist::Zilla::Plugin::Authority                          1.009     1.009
#     Dist::Zilla::Plugin::AutoMetaResources                    any      1.21
#     Dist::Zilla::Plugin::AutoPrereqs                        5.038     6.012
#     Dist::Zilla::Plugin::AutoVersion                          any     6.012
#     Dist::Zilla::Plugin::CheckIssues                          any     0.010
#     Dist::Zilla::Plugin::CheckMetaResources                   any     0.001
#     Dist::Zilla::Plugin::CheckPrereqsIndexed                0.019     0.020
#     Dist::Zilla::Plugin::CheckSelfDependency                  any     0.011
#     Dist::Zilla::Plugin::CheckStrictVersion                   any     0.001
#     Dist::Zilla::Plugin::ConfirmRelease                       any     6.012
#     Dist::Zilla::Plugin::CopyFilesFromRelease                 any     0.006
#     Dist::Zilla::Plugin::EnsureLatestPerl                     any     0.008
#     Dist::Zilla::Plugin::ExecDir                              any     6.012
#     Dist::Zilla::Plugin::FileFinder::ByName                   any     6.012
#     Dist::Zilla::Plugin::GatherDir::Template                  any     6.012
#     Dist::Zilla::Plugin::GenerateFile::FromShareDir           any     0.014
#     Dist::Zilla::Plugin::Git::Check                           any     2.045
#     Dist::Zilla::Plugin::Git::CheckFor::CorrectBranch       0.004     0.014
#     Dist::Zilla::Plugin::Git::CheckFor::MergeConflicts      0.008     0.014
#     Dist::Zilla::Plugin::Git::Contributors                  0.029     0.035
#     Dist::Zilla::Plugin::Git::Describe                      0.004     0.007
#     Dist::Zilla::Plugin::Git::GatherDir                     2.016     2.045
#     Dist::Zilla::Plugin::Git::Init                            any     2.045
#     Dist::Zilla::Plugin::Git::Push                            any     2.045
#     Dist::Zilla::Plugin::Git::PushInitial                     any      0.02
#     Dist::Zilla::Plugin::Git::Remote::Check                   any     0.1.2
#     Dist::Zilla::Plugin::GitHub::Create                      0.35      0.47
#     Dist::Zilla::Plugin::GitHub::Update                      0.40      0.47
#     Dist::Zilla::Plugin::GithubMeta                          0.54      0.58
#     Dist::Zilla::Plugin::InstallGuide                    1.200005  1.200012
#     Dist::Zilla::Plugin::Keywords                           0.004     0.007
#     Dist::Zilla::Plugin::License                            5.038     6.012
#     Dist::Zilla::Plugin::MakeMaker                            any     6.012
#     Dist::Zilla::Plugin::MakeMaker::Fallback                0.012     0.030
#     Dist::Zilla::Plugin::Manifest                             any     6.012
#     Dist::Zilla::Plugin::ManifestSkip                         any     6.012
#     Dist::Zilla::Plugin::MetaConfig                           any     6.012
#     Dist::Zilla::Plugin::MetaJSON                             any     6.012
#     Dist::Zilla::Plugin::MetaNoIndex                          any     6.012
#     Dist::Zilla::Plugin::MetaProvides::Package         1.15000002  2.004003
#     Dist::Zilla::Plugin::MetaTests                            any     6.012
#     Dist::Zilla::Plugin::MetaYAML                             any     6.012
#     Dist::Zilla::Plugin::MinimumPerl                        1.006     1.006
#     Dist::Zilla::Plugin::ModuleBuildTiny                    0.012     0.015
#     Dist::Zilla::Plugin::ModuleBuildTiny::Fallback          0.018     0.025
#     Dist::Zilla::Plugin::MojibakeTests                        0.8       0.8
#     Dist::Zilla::Plugin::NameFromDirectory                    any      0.04
#     Dist::Zilla::Plugin::PodCoverageTests                   5.040     6.012
#     Dist::Zilla::Plugin::PodSyntaxTests                     5.040     6.012
#     Dist::Zilla::Plugin::PodWeaver                          4.005     4.008
#     Dist::Zilla::Plugin::Prereqs                              any     6.012
#     Dist::Zilla::Plugin::Prereqs::AuthorDeps                0.006     0.006
#     Dist::Zilla::Plugin::PromptIfStale                      0.004     0.055
#     Dist::Zilla::Plugin::Readme                               any     6.012
#     Dist::Zilla::Plugin::ReadmeAnyFromPod                0.142180  0.163250
#     Dist::Zilla::Plugin::Run::AfterBuild                    0.041     0.047
#     Dist::Zilla::Plugin::Run::AfterMint                       any     0.047
#     Dist::Zilla::Plugin::Run::AfterRelease                  0.038     0.047
#     Dist::Zilla::Plugin::RunExtraTests                      0.024     0.029
#     Dist::Zilla::Plugin::ShareDir                             any     6.012
#     Dist::Zilla::Plugin::StaticInstall                      0.005     0.012
#     Dist::Zilla::Plugin::SurgicalPodWeaver                    any    0.0023
#     Dist::Zilla::Plugin::TemplateModule                       any     6.012
#     Dist::Zilla::Plugin::Test::CPAN::Changes                0.012     0.012
#     Dist::Zilla::Plugin::Test::ChangesHasContent              any     0.011
#     Dist::Zilla::Plugin::Test::CleanNamespaces              0.006     0.006
#     Dist::Zilla::Plugin::Test::Compile                      2.039     2.058
#     Dist::Zilla::Plugin::Test::EOL                           0.17      0.19
#     Dist::Zilla::Plugin::Test::Kwalitee                      2.10      2.12
#     Dist::Zilla::Plugin::Test::MinimumVersion            2.000003  2.000008
#     Dist::Zilla::Plugin::Test::NoTabs                        0.08      0.15
#     Dist::Zilla::Plugin::Test::Pod::No404s                  1.003     1.004
#     Dist::Zilla::Plugin::Test::PodSpelling               2.006003  2.007005
#     Dist::Zilla::Plugin::Test::Portability               2.000007  2.001000
#     Dist::Zilla::Plugin::Test::ReportPrereqs                0.022     0.027
#     Dist::Zilla::Plugin::TestRelease                          any     6.012
#     Dist::Zilla::Plugin::UploadToCPAN                         any     6.012
#     Dist::Zilla::Plugin::UseUnsafeInc                         any     0.001
#     Dist::Zilla::Plugin::VerifyPhases                         any     0.016
#     Dist::Zilla::Plugin::lib                                  any  0.001002
#     Dist::Zilla::PluginBundle::Git::VersionManager          0.001     0.007
#     Dist::Zilla::Role::MintingProfile                       5.047     6.012
#     Dist::Zilla::Role::PluginBundle::Config::Slicer           any     0.202
#     Dist::Zilla::Role::PluginBundle::Easy                     any     6.012
#     Dist::Zilla::Role::PluginBundle::PluginRemover          0.103     0.105
#     Dist::Zilla::Role::TextTemplate                           any     6.012
#     Dist::Zilla::Util                                         any     6.012
#     Exporter::Shiny                                           any  1.002001
#     File::ShareDir                                            any     1.116
#     Git::Wrapper                                              any     0.048
#     Hash::MoreUtils                                           any      0.06
#     List::MoreUtils                                           any     0.428
#     List::Util                                               1.45      1.50
#     Module::Runtime                                           any     0.016
#     Moose                                                     any    2.2011
#     Moose::Role                                               any    2.2011
#     Moose::Util::TypeConstraints                              any    2.2011
#     MooseX::MungeHas                                          any     0.011
#     Object::Tiny                                              any      1.09
#     PadWalker                                                 any       2.3
#     Path::Tiny                                              0.062     0.108
#     Pod::Elemental::PerlMunger                           0.200001  0.200006
#     Pod::Elemental::Transformer::List                    0.102000  0.102000
#     Pod::Elemental::Transformer::Verbatim                     any     0.001
#     Pod::Elemental::Transformer::WikiDoc                      any  0.093004
#     Pod::Markdown                                           1.500     3.101
#     Pod::Weaver::Config::Assembler                            any     4.015
#     Pod::Weaver::Plugin::AppendPrepend                        any      0.01
#     Pod::Weaver::Plugin::EnsurePod5                           any     4.015
#     Pod::Weaver::Plugin::EnsureUniqueSections                 any  0.163250
#     Pod::Weaver::Plugin::H1Nester                             any     4.015
#     Pod::Weaver::Plugin::Include                              any    v0.1.9
#     Pod::Weaver::Plugin::StopWords                            any     1.010
#     Pod::Weaver::Plugin::Transformer                          any     4.015
#     Pod::Weaver::PluginBundle::Default                      4.000     4.015
#     Pod::Weaver::Section::AllowOverride                       any      0.05
#     Pod::Weaver::Section::Contributors                      0.008     0.009
#     Pod::Weaver::Section::GenerateSection                     any      1.06
#     Pod::Weaver::Section::Legal                             4.011     4.015
#     Pod::Weaver::Section::WarrantyDisclaimer                  any  0.121290
#     Scalar::Does                                              any     0.203
#     Scalar::Util                                              any      1.50
#     Term::ANSIColor                                          2.01      4.06
#     Test::Portability::Files                                 0.07      0.10
#     Test::Spelling                                           0.19      0.20
#     Text::Tabs                                          2013.0426 2013.0523
#     namespace::autoclean                                      any      0.28
#     strict                                                    any      1.11
#     utf8                                                      any      1.21
#     vars                                                      any      1.04
#     warnings                                                  any      1.42
# 
# === Runtime Recommends ===
# 
#     Module                                          Want     Have
#     ---------------------------------------------- ----- --------
#     Dist::Zilla::Plugin::BlockRelease                any    0.003
#     Dist::Zilla::Plugin::GitHub::Update             0.40     0.47
#     Dist::Zilla::Plugin::GithubMeta                 0.54     0.58
#     Dist::Zilla::Plugin::MakeMaker                   any    6.012
#     Dist::Zilla::Plugin::MakeMaker::Awesome         0.13     0.47
#     Dist::Zilla::Plugin::MakeMaker::Fallback       0.012    0.030
#     Dist::Zilla::Plugin::ModuleBuildTiny           0.012    0.015
#     Dist::Zilla::Plugin::ModuleBuildTiny::Fallback 0.018    0.025
#     Dist::Zilla::Stash::PodWeaver                    any  missing
#     Pod::Coverage::TrustPod                          any 0.100005
#     Pod::Wordlist                                   1.09     1.20
#     Test::CPAN::Changes                              any 0.400002
#     Test::CPAN::Meta                                 any     0.25
#     Test::EOL                                        any     2.00
#     Test::MinimumVersion                             any 0.101082
#     Test::Mojibake                                   any      1.3
#     Test::NoTabs                                     any     2.02
#     Test::Pod                                       1.41     1.52
#     Test::Pod::Coverage                             1.08     1.10
#     Test::Spelling                                  0.19     0.20
# 
# === Develop Requires ===
# 
#     Module                            Want     Have
#     --------------------------------- ---- --------
#     Dist::Zilla::Plugin::BlockRelease  any    0.003
#     Encode                             any     3.00
#     File::Spec                         any     3.75
#     IO::Handle                         any     1.39
#     IPC::Open3                         any     1.20
#     Pod::Wordlist                     1.09     1.20
#     Test::CPAN::Changes               0.19 0.400002
#     Test::CPAN::Meta                   any     0.25
#     Test::CleanNamespaces             0.15     0.24
#     Test::EOL                          any     2.00
#     Test::Kwalitee                    1.21     1.27
#     Test::MinimumVersion               any 0.101082
#     Test::Mojibake                     any      1.3
#     Test::More                        0.96 1.302160
#     Test::NoTabs                       any     2.02
#     Test::Pod                         1.41     1.52
#     Test::Portability::Files           any     0.10
#     Test::Spelling                    0.19     0.20
#     Test::Warnings                     any    0.026
# 
# === Develop Recommends ===
# 
#     Module                                          Want  Have
#     ---------------------------------------------- ----- -----
#     Dist::Zilla::PluginBundle::Author::TABULO      0.198 0.198
#     Dist::Zilla::PluginBundle::Git::VersionManager 0.007 0.007
# 
# === Develop Suggests ===
# 
#     Module                                                   Want     Have
#     -------------------------------------------------- ---------- --------
#     Dist::Zilla                                                 5    6.012
#     Dist::Zilla::Plugin::Authority                          1.009    1.009
#     Dist::Zilla::Plugin::AutoMetaResources                    any     1.21
#     Dist::Zilla::Plugin::AutoPrereqs                        5.038    6.012
#     Dist::Zilla::Plugin::Bootstrap::lib                       any 1.001002
#     Dist::Zilla::Plugin::CheckBin                             any    0.008
#     Dist::Zilla::Plugin::CheckIssues                          any    0.010
#     Dist::Zilla::Plugin::CheckMetaResources                   any    0.001
#     Dist::Zilla::Plugin::CheckPrereqsIndexed                0.019    0.020
#     Dist::Zilla::Plugin::CheckSelfDependency                  any    0.011
#     Dist::Zilla::Plugin::CheckStrictVersion                   any    0.001
#     Dist::Zilla::Plugin::ConfirmRelease                       any    6.012
#     Dist::Zilla::Plugin::CopyFilesFromRelease                 any    0.006
#     Dist::Zilla::Plugin::EnsureLatestPerl                     any    0.008
#     Dist::Zilla::Plugin::FileFinder::ByName                   any    6.012
#     Dist::Zilla::Plugin::GenerateFile::FromShareDir           any    0.014
#     Dist::Zilla::Plugin::Git::Check                           any    2.045
#     Dist::Zilla::Plugin::Git::CheckFor::CorrectBranch       0.004    0.014
#     Dist::Zilla::Plugin::Git::CheckFor::MergeConflicts        any    0.014
#     Dist::Zilla::Plugin::Git::Contributors                  0.029    0.035
#     Dist::Zilla::Plugin::Git::Describe                      0.004    0.007
#     Dist::Zilla::Plugin::Git::GatherDir                     2.032    2.045
#     Dist::Zilla::Plugin::Git::Push                            any    2.045
#     Dist::Zilla::Plugin::Git::Remote::Check                   any    0.1.2
#     Dist::Zilla::Plugin::GitHub::Update                      0.40     0.47
#     Dist::Zilla::Plugin::GithubMeta                          0.54     0.58
#     Dist::Zilla::Plugin::InstallGuide                    1.200005 1.200012
#     Dist::Zilla::Plugin::Keywords                           0.004    0.007
#     Dist::Zilla::Plugin::License                            5.038    6.012
#     Dist::Zilla::Plugin::MakeMaker::Fallback                0.012    0.030
#     Dist::Zilla::Plugin::Manifest                             any    6.012
#     Dist::Zilla::Plugin::MetaConfig                           any    6.012
#     Dist::Zilla::Plugin::MetaJSON                             any    6.012
#     Dist::Zilla::Plugin::MetaNoIndex                          any    6.012
#     Dist::Zilla::Plugin::MetaProvides::Package         1.15000002 2.004003
#     Dist::Zilla::Plugin::MetaTests                            any    6.012
#     Dist::Zilla::Plugin::MetaYAML                             any    6.012
#     Dist::Zilla::Plugin::MinimumPerl                        1.006    1.006
#     Dist::Zilla::Plugin::ModuleBuildTiny                    0.012    0.015
#     Dist::Zilla::Plugin::MojibakeTests                        0.8      0.8
#     Dist::Zilla::Plugin::MungeFile                            any    0.009
#     Dist::Zilla::Plugin::NameFromDirectory                    any     0.04
#     Dist::Zilla::Plugin::PodSyntaxTests                     5.040    6.012
#     Dist::Zilla::Plugin::Prereqs                              any    6.012
#     Dist::Zilla::Plugin::Prereqs::AuthorDeps                0.006    0.006
#     Dist::Zilla::Plugin::PromptIfStale                        any    0.055
#     Dist::Zilla::Plugin::Readme                               any    6.012
#     Dist::Zilla::Plugin::ReadmeAnyFromPod                0.142180 0.163250
#     Dist::Zilla::Plugin::Run::AfterBuild                    0.041    0.047
#     Dist::Zilla::Plugin::Run::AfterRelease                  0.038    0.047
#     Dist::Zilla::Plugin::RunExtraTests                      0.024    0.029
#     Dist::Zilla::Plugin::ShareDir                             any    6.012
#     Dist::Zilla::Plugin::StaticInstall                      0.005    0.012
#     Dist::Zilla::Plugin::SurgicalPodWeaver                    any   0.0023
#     Dist::Zilla::Plugin::Test::CPAN::Changes                0.012    0.012
#     Dist::Zilla::Plugin::Test::ChangesHasContent              any    0.011
#     Dist::Zilla::Plugin::Test::CheckBreaks                  0.017    0.019
#     Dist::Zilla::Plugin::Test::CleanNamespaces              0.006    0.006
#     Dist::Zilla::Plugin::Test::Compile                      2.039    2.058
#     Dist::Zilla::Plugin::Test::EOL                           0.17     0.19
#     Dist::Zilla::Plugin::Test::Kwalitee                      2.10     2.12
#     Dist::Zilla::Plugin::Test::MinimumVersion            2.000003 2.000008
#     Dist::Zilla::Plugin::Test::NoTabs                        0.08     0.15
#     Dist::Zilla::Plugin::Test::PodSpelling               2.006003 2.007005
#     Dist::Zilla::Plugin::Test::Portability               2.000007 2.001000
#     Dist::Zilla::Plugin::Test::ReportPrereqs                0.022    0.027
#     Dist::Zilla::Plugin::TestRelease                          any    6.012
#     Dist::Zilla::Plugin::UploadToCPAN                         any    6.012
#     Dist::Zilla::Plugin::UseUnsafeInc                         any    0.001
#     Dist::Zilla::PluginBundle::Author::TABULO               0.103    0.198
#     Dist::Zilla::PluginBundle::Git::VersionManager            any    0.007
#     Software::License::Perl_5                                 any 0.103014
# 
# === Other Modules ===
# 
#     Module                         Have
#     -------------------------- --------
#     Dist::CheckConflicts           0.11
#     JSON::PP                       4.00
#     Pod::Elemental::PerlMunger 0.200006
#     Sub::Name                      0.21
#     YAML                           1.27
#     autodie                        2.29
# 
t/00-report-prereqs.t ................. ok
t/00-use.t ............................ ok
t/07-minter-dzil-plugin.t ............. ok
t/02-minter-github.t .................. ok
t/08-minter-dzil-plugin-shorter.t ..... ok
t/05-pluginbundle-core.t .............. ok
t/11-minter-default.t ................. ok
t/01-pluginbundle-basic.t ............. ok
t/06-airplane.t ....................... ok
t/12-podweaver-pluginbundle.t ......... ok
t/15-weaver-expand-config.t ........... ok
t/09-copy-files-from-release.t ........ ok
t/03-pluginbundle-server.t ............ ok
t/10-extra_args.t ..................... ok
t/zzz-check-breaks.t .................. ok
t/14-pluginbundle-weaver-ini.t ........ ok
t/18-versionmanagement.t .............. ok
t/04-pluginbundle-installer.t ......... ok
t/13-pluginbundle-podweaver-config.t .. ok
t/21-remove-plugin.t .................. ok
t/19-add_bundle.t ..................... ok
t/17-podweaver-support.t .............. ok
t/16-podweaver-licence.t .............. ok
All tests successful.
Files=23, Tests=216, 23 wallclock secs ( 0.29 usr  0.13 sys + 117.62 cusr  8.15 csys = 126.19 CPU)
Result: PASS
xt/author/no-tabs.t ........... ok
xt/author/eol.t ............... ok
xt/author/mojibake.t .......... ok
xt/author/pod-syntax.t ........ ok
xt/author/portability.t ....... ok
xt/author/clean-namespaces.t .. ok
xt/author/pod-spell.t ......... ok
xt/author/kwalitee.t .......... ok
xt/author/00-compile.t ........ ok
xt/author/minimum-version.t ... ok
All tests successful.
Files=10, Tests=217,  6 wallclock secs ( 0.10 usr  0.09 sys + 12.28 cusr  1.06 csys = 13.53 CPU)
Result: PASS
[DZ] all's well; removing .build/OqnFMnqyHq
